Enabling faulthandler explicitly...
Setting seed=42
Creating CompetitionDataset...
[ST-ACT Data Ingestion] 2026-07-15 23:56:33,184 - INFO: Loaded 149 samples for split 'train' from data_split.json
[ST-ACT Data Ingestion] 2026-07-15 23:56:33,184 - INFO: Opening real Zarr v3 store at 'data\staging\train\44b6_0113de3b.zarr'
[ST-ACT Data Ingestion] 2026-07-15 23:56:33,191 - INFO: Resolved nested OME-NGFF array at path '0/' in Zarr group.
[ST-ACT Data Ingestion] 2026-07-15 23:56:33,191 - INFO: Extracted quantile params: 0.1=75.0, 0.9=497.0
[ST-ACT Data Ingestion] 2026-07-15 23:56:33,191 - INFO: Successfully opened Zarr volume: data\staging\train\44b6_0113de3b.zarr
[ST-ACT Data Ingestion] 2026-07-15 23:56:33,191 - INFO: Volume Shape: (100, 64, 256, 256) | Chunks: (1, 64, 256, 256) | Dtype: uint16
[ST-ACT Data Ingestion] 2026-07-15 23:56:33,191 - INFO: Quantile normalization parameters found: q_low=75.0, q_high=497.0
[ST-ACT Data Ingestion] 2026-07-15 23:56:33,193 - INFO: Opening real Zarr v3 store at 'data\staging\train\6bba_05b6850b.zarr'
[ST-ACT Data Ingestion] 2026-07-15 23:56:33,196 - INFO: Resolved nested OME-NGFF array at path '0/' in Zarr group.
[ST-ACT Data Ingestion] 2026-07-15 23:56:33,197 - INFO: Extracted quantile params: 0.1=23.0, 0.9=215.0
[ST-ACT Data Ingestion] 2026-07-15 23:56:33,197 - INFO: Successfully opened Zarr volume: data\staging\train\6bba_05b6850b.zarr
[ST-ACT Data Ingestion] 2026-07-15 23:56:33,197 - INFO: Volume Shape: (100, 64, 256, 256) | Chunks: (1, 64, 256, 256) | Dtype: uint16
[ST-ACT Data Ingestion] 2026-07-15 23:56:33,197 - INFO: Quantile normalization parameters found: q_low=23.0, q_high=215.0
[ST-ACT Data Ingestion] 2026-07-15 23:56:33,197 - INFO: Opening real Zarr v3 store at 'data\staging\train\6bba_05db0fb1.zarr'
[ST-ACT Data Ingestion] 2026-07-15 23:56:33,200 - INFO: Resolved nested OME-NGFF array at path '0/' in Zarr group.
[ST-ACT Data Ingestion] 2026-07-15 23:56:33,200 - INFO: Extracted quantile params: 0.1=349.0, 0.9=1597.0
[ST-ACT Data Ingestion] 2026-07-15 23:56:33,200 - INFO: Successfully opened Zarr volume: data\staging\train\6bba_05db0fb1.zarr
[ST-ACT Data Ingestion] 2026-07-15 23:56:33,201 - INFO: Volume Shape: (100, 64, 256, 256) | Chunks: (1, 64, 256, 256) | Dtype: uint16
[ST-ACT Data Ingestion] 2026-07-15 23:56:33,201 - INFO: Quantile normalization parameters found: q_low=349.0, q_high=1597.0
[ST-ACT Data Ingestion] 2026-07-15 23:56:33,202 - INFO: Built index: 297 (frame_t, frame_t+1) pairs
Initializing UNet3D model...
Using standard GroupNorm layers
Gradient Checkpointing enabled where training=True

Starting repro loop. Mode: full, Steps: 50
Initial Memory Usage: 0.00 MB
[ST-ACT Data Ingestion] 2026-07-15 23:56:36,666 - INFO: Loading and decompressing 3D block for timepoint T=0...
[ST-ACT Data Ingestion] 2026-07-15 23:56:36,723 - INFO: Loading and decompressing 3D block for timepoint T=1...
step= 0 sample=44b6_0113de3b t= 0 loss=3.6589 max_sig=0.000175 mem=0.0MB step_took=17.78s total=17.9s
[ST-ACT Data Ingestion] 2026-07-15 23:56:54,567 - INFO: Loading and decompressing 3D block for timepoint T=2...
step= 1 sample=44b6_0113de3b t= 1 loss=3.6557 max_sig=0.000162 mem=0.0MB step_took=17.90s total=35.9s
[ST-ACT Data Ingestion] 2026-07-15 23:57:12,533 - INFO: Loading and decompressing 3D block for timepoint T=3...
step= 2 sample=44b6_0113de3b t= 2 loss=3.6042 max_sig=0.000294 mem=0.0MB step_took=16.61s total=52.6s
[ST-ACT Data Ingestion] 2026-07-15 23:57:29,262 - INFO: Loading and decompressing 3D block for timepoint T=4...
step= 3 sample=44b6_0113de3b t= 3 loss=0.0001 max_sig=0.000614 mem=0.0MB step_took=16.29s total=69.0s
[ST-ACT Data Ingestion] 2026-07-15 23:57:45,627 - INFO: Loading and decompressing 3D block for timepoint T=5...
step= 4 sample=44b6_0113de3b t= 4 loss=0.0001 max_sig=0.000544 mem=0.0MB step_took=16.40s total=85.4s
[ST-ACT Data Ingestion] 2026-07-15 23:58:02,313 - INFO: Loading and decompressing 3D block for timepoint T=6...
step= 5 sample=44b6_0113de3b t= 5 loss=0.0001 max_sig=0.000527 mem=0.0MB step_took=17.97s total=103.7s
[ST-ACT Data Ingestion] 2026-07-15 23:58:20,343 - INFO: Loading and decompressing 3D block for timepoint T=7...
step= 6 sample=44b6_0113de3b t= 6 loss=0.0001 max_sig=0.000526 mem=0.0MB step_took=17.91s total=121.7s
[ST-ACT Data Ingestion] 2026-07-15 23:58:38,337 - INFO: Loading and decompressing 3D block for timepoint T=8...
step= 7 sample=44b6_0113de3b t= 7 loss=0.0001 max_sig=0.000513 mem=0.0MB step_took=18.57s total=140.3s
[ST-ACT Data Ingestion] 2026-07-15 23:58:57,000 - INFO: Loading and decompressing 3D block for timepoint T=9...
step= 8 sample=44b6_0113de3b t= 8 loss=0.0001 max_sig=0.000507 mem=0.0MB step_took=17.75s total=158.2s
[ST-ACT Data Ingestion] 2026-07-15 23:59:14,855 - INFO: Loading and decompressing 3D block for timepoint T=10...
step= 9 sample=44b6_0113de3b t= 9 loss=0.0001 max_sig=0.000491 mem=0.0MB step_took=17.08s total=175.3s
[ST-ACT Data Ingestion] 2026-07-15 23:59:32,269 - INFO: Loading and decompressing 3D block for timepoint T=11...
step=10 sample=44b6_0113de3b t=10 loss=0.0001 max_sig=0.000475 mem=0.0MB step_took=21.42s total=197.1s
[ST-ACT Data Ingestion] 2026-07-15 23:59:53,780 - INFO: Loading and decompressing 3D block for timepoint T=12...
step=11 sample=44b6_0113de3b t=11 loss=0.0001 max_sig=0.000461 mem=0.0MB step_took=21.11s total=218.3s
[ST-ACT Data Ingestion] 2026-07-16 00:00:14,976 - INFO: Loading and decompressing 3D block for timepoint T=13...
step=12 sample=44b6_0113de3b t=12 loss=0.0001 max_sig=0.000439 mem=0.0MB step_took=24.78s total=243.2s
[ST-ACT Data Ingestion] 2026-07-16 00:00:39,834 - INFO: Loading and decompressing 3D block for timepoint T=14...
step=13 sample=44b6_0113de3b t=13 loss=0.0001 max_sig=0.000416 mem=0.0MB step_took=19.88s total=263.1s
[ST-ACT Data Ingestion] 2026-07-16 00:00:59,811 - INFO: Loading and decompressing 3D block for timepoint T=15...
step=14 sample=44b6_0113de3b t=14 loss=0.0001 max_sig=0.000388 mem=0.0MB step_took=16.55s total=279.8s
[ST-ACT Data Ingestion] 2026-07-16 00:01:16,625 - INFO: Loading and decompressing 3D block for timepoint T=16...
step=15 sample=44b6_0113de3b t=15 loss=0.0001 max_sig=0.000372 mem=0.0MB step_took=20.97s total=301.0s
[ST-ACT Data Ingestion] 2026-07-16 00:01:37,663 - INFO: Loading and decompressing 3D block for timepoint T=17...
step=16 sample=44b6_0113de3b t=16 loss=0.0001 max_sig=0.000354 mem=0.0MB step_took=18.87s total=320.0s
[ST-ACT Data Ingestion] 2026-07-16 00:01:56,658 - INFO: Loading and decompressing 3D block for timepoint T=18...
step=17 sample=44b6_0113de3b t=17 loss=0.0001 max_sig=0.000328 mem=0.0MB step_took=19.28s total=339.4s
[ST-ACT Data Ingestion] 2026-07-16 00:02:16,021 - INFO: Loading and decompressing 3D block for timepoint T=19...
step=18 sample=44b6_0113de3b t=18 loss=0.0001 max_sig=0.000305 mem=0.0MB step_took=17.48s total=356.9s
[ST-ACT Data Ingestion] 2026-07-16 00:02:33,577 - INFO: Loading and decompressing 3D block for timepoint T=20...
step=19 sample=44b6_0113de3b t=19 loss=0.0001 max_sig=0.000281 mem=0.0MB step_took=19.41s total=376.4s
[ST-ACT Data Ingestion] 2026-07-16 00:02:53,295 - INFO: Loading and decompressing 3D block for timepoint T=21...
step=20 sample=44b6_0113de3b t=20 loss=0.0001 max_sig=0.000259 mem=0.0MB step_took=19.52s total=396.2s
[ST-ACT Data Ingestion] 2026-07-16 00:03:12,899 - INFO: Loading and decompressing 3D block for timepoint T=22...
step=21 sample=44b6_0113de3b t=21 loss=0.0001 max_sig=0.000238 mem=0.0MB step_took=16.40s total=412.7s
[ST-ACT Data Ingestion] 2026-07-16 00:03:29,378 - INFO: Loading and decompressing 3D block for timepoint T=23...
step=22 sample=44b6_0113de3b t=22 loss=0.0001 max_sig=0.000218 mem=0.0MB step_took=16.36s total=429.2s
[ST-ACT Data Ingestion] 2026-07-16 00:03:45,816 - INFO: Loading and decompressing 3D block for timepoint T=24...
step=23 sample=44b6_0113de3b t=23 loss=0.0001 max_sig=0.000199 mem=0.0MB step_took=16.10s total=445.3s
[ST-ACT Data Ingestion] 2026-07-16 00:04:01,982 - INFO: Loading and decompressing 3D block for timepoint T=25...
step=24 sample=44b6_0113de3b t=24 loss=0.0001 max_sig=0.000183 mem=0.0MB step_took=16.88s total=462.3s
[ST-ACT Data Ingestion] 2026-07-16 00:04:19,208 - INFO: Loading and decompressing 3D block for timepoint T=26...
